<?xml version="1.0" encoding="UTF-8"?>
<!-- Generated by org.testng.reporters.JUnitReportReporter -->
<testsuite hostname="DESKTOP-9HQL1HH" failures="0" tests="1" name="TestCases.Verify_HandleAssertion" time="48.908" errors="0" timestamp="2023-05-23T07:42:54 IST" skipped="0">
  <testcase classname="TestCases.Verify_HandleAssertion" name="verify_Assertion_Header" time="48.908"/>
  <system-out/>
</testsuite> <!-- TestCases.Verify_HandleAssertion -->
