<?xml version="1.0" encoding="UTF-8"?>
<!-- Generated by org.testng.reporters.JUnitReportReporter -->
<testsuite hostname="DESKTOP-9HQL1HH" failures="0" tests="1" name="TestCases.Verify_ProductComparison" time="25.272" errors="0" timestamp="2023-05-24T16:08:38 IST" skipped="0">
  <testcase classname="TestCases.Verify_ProductComparison" name="productComparison" time="25.272"/>
  <system-out/>
</testsuite> <!-- TestCases.Verify_ProductComparison -->
