<?xml version="1.0" encoding="UTF-8"?>
<!-- Generated by org.testng.reporters.JUnitReportReporter -->
<testsuite hostname="DESKTOP-9HQL1HH" failures="0" tests="1" name="TestCases.Verify_ProductComparison" time="44.872" errors="0" timestamp="2023-05-22T13:25:35 IST" skipped="0">
  <testcase classname="TestCases.Verify_ProductComparison" name="productComparison" time="44.872"/>
  <system-out/>
</testsuite> <!-- TestCases.Verify_ProductComparison -->
