<?xml version="1.0" encoding="UTF-8"?>
<!-- Generated by org.testng.reporters.JUnitReportReporter -->
<testsuite hostname="DESKTOP-9HQL1HH" failures="0" tests="1" name="TestCases.Verify_Header" time="42.590" errors="0" timestamp="2023-05-22T13:25:35 IST" skipped="0">
  <testcase classname="TestCases.Verify_Header" name="verifyHeader" time="42.590"/>
  <system-out/>
</testsuite> <!-- TestCases.Verify_Header -->
