<?xml version="1.0" encoding="UTF-8"?>
<!-- Generated by org.testng.reporters.JUnitReportReporter -->
<testsuite hostname="DESKTOP-9HQL1HH" failures="0" tests="1" name="TestCases.Verify_AddToCartProduct" time="15.707" errors="0" timestamp="2023-05-24T16:08:37 IST" skipped="0">
  <testcase classname="TestCases.Verify_AddToCartProduct" name="VerifyAddToCartProduct" time="15.707"/>
  <system-out/>
</testsuite> <!-- TestCases.Verify_AddToCartProduct -->
