<?xml version="1.0" encoding="UTF-8"?>
<!-- Generated by org.testng.reporters.JUnitReportReporter -->
<testsuite hostname="DESKTOP-9HQL1HH" failures="0" tests="1" name="TestCases.Verify_Footer" time="79.512" errors="0" timestamp="2023-05-24T16:08:38 IST" skipped="0">
  <testcase classname="TestCases.Verify_Footer" name="footer" time="79.512"/>
  <system-out/>
</testsuite> <!-- TestCases.Verify_Footer -->
